# JRE version: OpenJDK Runtime Environment (17.0.6) (build 17.0.6+0-b2043.56-10027231)
# Java VM: OpenJDK 64-Bit Server VM (17.0.6+0-b2043.56-10027231, mixed mode, tiered, compressed oops, compressed class ptrs, g1 gc, windows-amd64)
GC Precious Log:
 CPUs: 8 total, 8 available
 Memory: 16039M
 Large Page Support: Disabled
 NUMA Support: Disabled
 Compressed Oops: Enabled (32-bit)
 Heap Region Size: 1M
 Heap Min Capacity: 8M
 Heap Initial Capacity: 252M
 Heap Max Capacity: 2G
 Pre-touch: Disabled
 Parallel Workers: 8
 Concurrent Workers: 2
 Concurrent Refinement Workers: 8
 Periodic GC: Disabled
Heap:
 garbage-first heap   total 138240K, used 86315K [0x0000000080000000, 0x0000000100000000)
  region size 1024K, 14 young (14336K), 5 survivors (5120K)
 Metaspace       used 77367K, committed 77888K, reserved 1122304K
  class space    used 10423K, committed 10688K, reserved 1048576K
GC Heap History (20 events):
Event: 10.916 GC heap before
{Heap before GC invocations=30 (full 0):
 garbage-first heap   total 107520K, used 74470K [0x0000000080000000, 0x0000000100000000)
  region size 1024K, 17 young (17408K), 2 survivors (2048K)
 Metaspace       used 58256K, committed 58816K, reserved 1105920K
  class space    used 7856K, committed 8128K, reserved 1048576K
}
Event: 10.918 GC heap after
{Heap after GC invocations=31 (full 0):
 garbage-first heap   total 107520K, used 60838K [0x0000000080000000, 0x0000000100000000)
  region size 1024K, 2 young (2048K), 2 survivors (2048K)
 Metaspace       used 58256K, committed 58816K, reserved 1105920K
  class space    used 7856K, committed 8128K, reserved 1048576K
}
Event: 11.102 GC heap before
{Heap before GC invocations=31 (full 0):
 garbage-first heap   total 107520K, used 78246K [0x0000000080000000, 0x0000000100000000)
  region size 1024K, 20 young (20480K), 2 survivors (2048K)
 Metaspace       used 60423K, committed 60992K, reserved 1105920K
  class space    used 8093K, committed 8320K, reserved 1048576K
}
Event: 11.104 GC heap after
{Heap after GC invocations=32 (full 0):
 garbage-first heap   total 107520K, used 61514K [0x0000000080000000, 0x0000000100000000)
  region size 1024K, 1 young (1024K), 1 survivors (1024K)
 Metaspace       used 60423K, committed 60992K, reserved 1105920K
  class space    used 8093K, committed 8320K, reserved 1048576K
}
Event: 11.539 GC heap before
{Heap before GC invocations=33 (full 0):
 garbage-first heap   total 107520K, used 81994K [0x0000000080000000, 0x0000000100000000)
  region size 1024K, 21 young (21504K), 1 survivors (1024K)
 Metaspace       used 63375K, committed 64000K, reserved 1105920K
  class space    used 8512K, committed 8832K, reserved 1048576K
}
Event: 11.541 GC heap after
{Heap after GC invocations=34 (full 0):
 garbage-first heap   total 107520K, used 62493K [0x0000000080000000, 0x0000000100000000)
  region size 1024K, 2 young (2048K), 2 survivors (2048K)
 Metaspace       used 63375K, committed 64000K, reserved 1105920K
  class space    used 8512K, committed 8832K, reserved 1048576K
}
Event: 11.742 GC heap before
{Heap before GC invocations=34 (full 0):
 garbage-first heap   total 107520K, used 74781K [0x0000000080000000, 0x0000000100000000)
  region size 1024K, 15 young (15360K), 2 survivors (2048K)
 Metaspace       used 65433K, committed 66112K, reserved 1105920K
  class space    used 8765K, committed 9088K, reserved 1048576K
}
Event: 11.744 GC heap after
{Heap after GC invocations=35 (full 0):
 garbage-first heap   total 107520K, used 64125K [0x0000000080000000, 0x0000000100000000)
  region size 1024K, 3 young (3072K), 3 survivors (3072K)
 Metaspace       used 65433K, committed 66112K, reserved 1105920K
  class space    used 8765K, committed 9088K, reserved 1048576K
}
Event: 11.952 GC heap before
{Heap before GC invocations=36 (full 0):
 garbage-first heap   total 138240K, used 89725K [0x0000000080000000, 0x0000000100000000)
  region size 1024K, 23 young (23552K), 3 survivors (3072K)
 Metaspace       used 66049K, committed 66624K, reserved 1114112K
  class space    used 8864K, committed 9152K, reserved 1048576K
}
Event: 11.956 GC heap after
{Heap after GC invocations=37 (full 0):
 garbage-first heap   total 138240K, used 66388K [0x0000000080000000, 0x0000000100000000)
  region size 1024K, 3 young (3072K), 3 survivors (3072K)
 Metaspace       used 66049K, committed 66624K, reserved 1114112K
  class space    used 8864K, committed 9152K, reserved 1048576K
}
Event: 12.030 GC heap before
{Heap before GC invocations=37 (full 0):
 garbage-first heap   total 138240K, used 68436K [0x0000000080000000, 0x0000000100000000)
  region size 1024K, 6 young (6144K), 3 survivors (3072K)
 Metaspace       used 66403K, committed 66944K, reserved 1114112K
  class space    used 8899K, committed 9152K, reserved 1048576K
}
Event: 12.032 GC heap after
{Heap after GC invocations=38 (full 0):
 garbage-first heap   total 138240K, used 66813K [0x0000000080000000, 0x0000000100000000)
  region size 1024K, 1 young (1024K), 1 survivors (1024K)
 Metaspace       used 66403K, committed 66944K, reserved 1114112K
  class space    used 8899K, committed 9152K, reserved 1048576K
}
Event: 12.522 GC heap before
{Heap before GC invocations=38 (full 0):
 garbage-first heap   total 138240K, used 100605K [0x0000000080000000, 0x0000000100000000)
  region size 1024K, 34 young (34816K), 1 survivors (1024K)
 Metaspace       used 68984K, committed 69632K, reserved 1114112K
  class space    used 9232K, committed 9536K, reserved 1048576K
}
Event: 12.525 GC heap after
{Heap after GC invocations=39 (full 0):
 garbage-first heap   total 138240K, used 68400K [0x0000000080000000, 0x0000000100000000)
  region size 1024K, 2 young (2048K), 2 survivors (2048K)
 Metaspace       used 68984K, committed 69632K, reserved 1114112K
  class space    used 9232K, committed 9536K, reserved 1048576K
}
Event: 12.741 GC heap before
{Heap before GC invocations=40 (full 0):
 garbage-first heap   total 138240K, used 84784K [0x0000000080000000, 0x0000000100000000)
  region size 1024K, 19 young (19456K), 2 survivors (2048K)
 Metaspace       used 70306K, committed 70912K, reserved 1114112K
  class space    used 9426K, committed 9728K, reserved 1048576K
}
Event: 12.745 GC heap after
{Heap after GC invocations=41 (full 0):
 garbage-first heap   total 138240K, used 69707K [0x0000000080000000, 0x0000000100000000)
  region size 1024K, 4 young (4096K), 4 survivors (4096K)
 Metaspace       used 70306K, committed 70912K, reserved 1114112K
  class space    used 9426K, committed 9728K, reserved 1048576K
}
Event: 13.175 GC heap before
{Heap before GC invocations=42 (full 0):
 garbage-first heap   total 138240K, used 109643K [0x0000000080000000, 0x0000000100000000)
  region size 1024K, 39 young (39936K), 4 survivors (4096K)
 Metaspace       used 73890K, committed 74560K, reserved 1114112K
  class space    used 9923K, committed 10240K, reserved 1048576K
}
Event: 13.178 GC heap after
{Heap after GC invocations=43 (full 0):
 garbage-first heap   total 138240K, used 76120K [0x0000000080000000, 0x0000000100000000)
  region size 1024K, 4 young (4096K), 4 survivors (4096K)
 Metaspace       used 73890K, committed 74560K, reserved 1114112K
  class space    used 9923K, committed 10240K, reserved 1048576K
}
Event: 13.616 GC heap before
{Heap before GC invocations=43 (full 0):
 garbage-first heap   total 138240K, used 109912K [0x0000000080000000, 0x0000000100000000)
  region size 1024K, 37 young (37888K), 4 survivors (4096K)
 Metaspace       used 76737K, committed 77376K, reserved 1122304K
  class space    used 10333K, committed 10624K, reserved 1048576K
}
Event: 13.620 GC heap after
{Heap after GC invocations=44 (full 0):
 garbage-first heap   total 138240K, used 78123K [0x0000000080000000, 0x0000000100000000)
  region size 1024K, 5 young (5120K), 5 survivors (5120K)
 Metaspace       used 76737K, committed 77376K, reserved 1122304K
  class space    used 10333K, committed 10624K, reserved 1048576K
}

